In clock cycle: 0
Register Write to Reg: 0x01 Val: 0x00001001
In clock cycle: 1
Register Write to Reg: 0x08 Val: 0x00001001
In clock cycle: 2
Register Write to Reg: 0x09 Val: 0x00000008
In clock cycle: 3
Register Write to Reg: 0x08 Val: 0x00001005
In clock cycle: 4
Register Write to Reg: 0x0A Val: 0x00000008
In clock cycle: 5
Register Write to Reg: 0x08 Val: 0x00001009
In clock cycle: 6
Register Write to Reg: 0x0B Val: 0x00000008
In clock cycle: 7
Register Write to Reg: 0x01 Val: 0x00001001
In clock cycle: 8
Register Write to Reg: 0x08 Val: 0x0000100D
In clock cycle: 9
Register Write to Reg: 0x0C Val: 0x00000010
In clock cycle: 10
Register Write to Reg: 0x0D Val: 0x00000012
In clock cycle: 11
Register Write to Reg: 0x0E Val: 0x0000000C
In clock cycle: 12
Register Write to Reg: 0x00 Val: 0x00000000
Execution is stopping! Clock Cycle: 12
