In clock cycle: 0
Register Write to Reg: 0x01 Val: 0x00000000
In clock cycle: 1
Register Write to Reg: 0x01 Val: 0x00004321
In clock cycle: 2
Register Write to Reg: 0x09 Val: 0x00004321
In clock cycle: 3
Register Write to Reg: 0x09 Val: 0x00008642
In clock cycle: 4
Register Write to Reg: 0x09 Val: 0x00010C84
In clock cycle: 5
Register Write to Reg: 0x09 Val: 0x00021908
In clock cycle: 6
Register Write to Reg: 0x09 Val: 0x00043210
In clock cycle: 7
Register Write to Reg: 0x09 Val: 0x00086420
In clock cycle: 8
Register Write to Reg: 0x09 Val: 0x0010C840
In clock cycle: 9
Register Write to Reg: 0x09 Val: 0x00219080
In clock cycle: 10
Register Write to Reg: 0x09 Val: 0x00432100
In clock cycle: 11
Register Write to Reg: 0x09 Val: 0x00864200
In clock cycle: 12
Register Write to Reg: 0x09 Val: 0x010C8400
In clock cycle: 13
Register Write to Reg: 0x09 Val: 0x02190800
In clock cycle: 14
Register Write to Reg: 0x09 Val: 0x04321000
In clock cycle: 15
Register Write to Reg: 0x09 Val: 0x08642000
In clock cycle: 16
Register Write to Reg: 0x09 Val: 0x10C84000
In clock cycle: 17
Register Write to Reg: 0x09 Val: 0x21908000
In clock cycle: 18
Register Write to Reg: 0x09 Val: 0x43210000
In clock cycle: 19
Register Write to Reg: 0x09 Val: 0x86420000
In clock cycle: 20
Register Write to Reg: 0x09 Val: 0x0C840000
In clock cycle: 21
Register Write to Reg: 0x09 Val: 0x19080000
In clock cycle: 22
Register Write to Reg: 0x09 Val: 0x32100000
In clock cycle: 23
Register Write to Reg: 0x09 Val: 0x64200000
In clock cycle: 24
Register Write to Reg: 0x09 Val: 0xC8400000
In clock cycle: 25
Register Write to Reg: 0x09 Val: 0x90800000
In clock cycle: 26
Register Write to Reg: 0x09 Val: 0x21000000
In clock cycle: 27
Register Write to Reg: 0x09 Val: 0x42000000
In clock cycle: 28
Register Write to Reg: 0x09 Val: 0x84000000
In clock cycle: 29
Register Write to Reg: 0x09 Val: 0x08000000
In clock cycle: 30
Register Write to Reg: 0x09 Val: 0x10000000
In clock cycle: 31
Register Write to Reg: 0x09 Val: 0x20000000
In clock cycle: 32
Register Write to Reg: 0x09 Val: 0x40000000
In clock cycle: 33
Register Write to Reg: 0x09 Val: 0x80000000
In clock cycle: 34
Register Write to Reg: 0x09 Val: 0x00000000
In clock cycle: 35
Register Write to Reg: 0x09 Val: 0x00000000
In clock cycle: 36
Register Write to Reg: 0x09 Val: 0x00000000
In clock cycle: 37
Register Write to Reg: 0x09 Val: 0x00000000
In clock cycle: 38
Register Write to Reg: 0x09 Val: 0x00000000
In clock cycle: 39
Register Write to Reg: 0x09 Val: 0x00000000
In clock cycle: 40
Register Write to Reg: 0x09 Val: 0x00000000
In clock cycle: 41
Register Write to Reg: 0x09 Val: 0x00000000
In clock cycle: 42
Register Write to Reg: 0x09 Val: 0x00000000
In clock cycle: 43
Register Write to Reg: 0x09 Val: 0x00000000
In clock cycle: 44
Register Write to Reg: 0x09 Val: 0x00000000
In clock cycle: 45
Register Write to Reg: 0x09 Val: 0x00000000
In clock cycle: 46
Register Write to Reg: 0x00 Val: 0x00000000
Execution is stopping! Clock Cycle: 46
