In clock cycle: 0
Register Write to Reg: 0x09 Val: 0x00001000
In clock cycle: 1
Register Write to Reg: 0x08 Val: 0x00000001
In clock cycle: 2
Register Write to Reg: 0x08 Val: 0x0000EFAB
In clock cycle: 3
Memory Write to Addr: 0x00000000 Val: 0x0000EFAB
In clock cycle: 4
Register Write to Reg: 0x08 Val: 0x00000012
In clock cycle: 5
Register Write to Reg: 0x08 Val: 0x0000567A
In clock cycle: 6
Memory Write to Addr: 0x00000004 Val: 0x0000567A
In clock cycle: 7
Register Write to Reg: 0x08 Val: 0x00000001
In clock cycle: 8
Register Write to Reg: 0x08 Val: 0x0000EFAB
In clock cycle: 9
Memory Write to Addr: 0x00000008 Val: 0x0000EFAB
In clock cycle: 10
Register Write to Reg: 0x08 Val: 0x00000012
In clock cycle: 11
Register Write to Reg: 0x08 Val: 0x0000567A
In clock cycle: 12
Memory Write to Addr: 0x0000000C Val: 0x0000567A
In clock cycle: 13
Register Write to Reg: 0x00 Val: 0x00000000
Execution is stopping! Clock Cycle: 13
