[inst #1] lui $1,4097
Register Write to Reg: 0x01 Val: 0x10010000
[inst #2] lw $9,36($1)
Register Write to Reg: 0x09 Val: 0x00000009
[inst #3] lui $1,4097
Register Write to Reg: 0x01 Val: 0x10010000
[inst #4] ori $8,$1,0
Register Write to Reg: 0x08 Val: 0x10010000
[inst #5] addiu $10,$0,0
Register Write to Reg: 0x0A Val: 0x00000000
[inst #6] slt $1,$10,$9
Register Write to Reg: 0x01 Val: 0x00000001
[inst #7] bne $1,$0,1
[inst #8] addiu $11,$0,0
Register Write to Reg: 0x0B Val: 0x00000000
[inst #9] slt $1,$11,$10
Register Write to Reg: 0x01 Val: 0x00000000
[inst #10] bne $1,$0,1
[inst #11] j 4194392
[inst #12] addi $10,$10,1
Register Write to Reg: 0x0A Val: 0x00000001
[inst #13] lui $1,4097
Register Write to Reg: 0x01 Val: 0x10010000
[inst #14] ori $8,$1,0
Register Write to Reg: 0x08 Val: 0x10010000
[inst #15] halt 

