In clock cycle: 0
Register Write to Reg: 0x01 Val: 0x00000012
In clock cycle: 1
Register Write to Reg: 0x01 Val: 0x0000567A
In clock cycle: 2
Register Write to Reg: 0x09 Val: 0x0000567A
In clock cycle: 3
Register Write to Reg: 0x10 Val: 0x0000567A
In clock cycle: 4
Register Write to Reg: 0x10 Val: 0x0000ACF4
In clock cycle: 5
Register Write to Reg: 0x10 Val: 0x000159E8
In clock cycle: 6
Register Write to Reg: 0x10 Val: 0x0002B3D0
In clock cycle: 7
Register Write to Reg: 0x10 Val: 0x000567A0
In clock cycle: 8
Register Write to Reg: 0x10 Val: 0x000ACF40
In clock cycle: 9
Register Write to Reg: 0x10 Val: 0x00159E80
In clock cycle: 10
Register Write to Reg: 0x10 Val: 0x002B3D00
In clock cycle: 11
Register Write to Reg: 0x10 Val: 0x00567A00
In clock cycle: 12
Register Write to Reg: 0x10 Val: 0x00ACF400
In clock cycle: 13
Register Write to Reg: 0x10 Val: 0x0159E800
In clock cycle: 14
Register Write to Reg: 0x10 Val: 0x02B3D000
In clock cycle: 15
Register Write to Reg: 0x10 Val: 0x0567A000
In clock cycle: 16
Register Write to Reg: 0x10 Val: 0x0ACF4000
In clock cycle: 17
Register Write to Reg: 0x10 Val: 0x159E8000
In clock cycle: 18
Register Write to Reg: 0x10 Val: 0x2B3D0000
In clock cycle: 19
Register Write to Reg: 0x10 Val: 0x567A0000
In clock cycle: 20
Register Write to Reg: 0x10 Val: 0xACF40000
In clock cycle: 21
Register Write to Reg: 0x10 Val: 0x59E80000
In clock cycle: 22
Register Write to Reg: 0x10 Val: 0xB3D00000
In clock cycle: 23
Register Write to Reg: 0x10 Val: 0x67A00000
In clock cycle: 24
Register Write to Reg: 0x10 Val: 0xCF400000
In clock cycle: 25
Register Write to Reg: 0x10 Val: 0x9E800000
In clock cycle: 26
Register Write to Reg: 0x10 Val: 0x3D000000
In clock cycle: 27
Register Write to Reg: 0x10 Val: 0x7A000000
In clock cycle: 28
Register Write to Reg: 0x10 Val: 0xF4000000
In clock cycle: 29
Register Write to Reg: 0x10 Val: 0xE8000000
In clock cycle: 30
Register Write to Reg: 0x10 Val: 0xD0000000
In clock cycle: 31
Register Write to Reg: 0x10 Val: 0xA0000000
In clock cycle: 32
Register Write to Reg: 0x10 Val: 0x40000000
In clock cycle: 33
Register Write to Reg: 0x10 Val: 0x80000000
In clock cycle: 34
Register Write to Reg: 0x10 Val: 0x00000000
In clock cycle: 35
Register Write to Reg: 0x00 Val: 0x00000000
Execution is stopping! Clock Cycle: 35
