In clock cycle: 0
Register Write to Reg: 0x01 Val: 0x87650000
In clock cycle: 1
Register Write to Reg: 0x01 Val: 0x87654321
In clock cycle: 2
Register Write to Reg: 0x09 Val: 0x87654321
In clock cycle: 3
Register Write to Reg: 0x09 Val: 0x43B2A190
In clock cycle: 4
Register Write to Reg: 0x09 Val: 0x21D950C8
In clock cycle: 5
Register Write to Reg: 0x09 Val: 0x10ECA864
In clock cycle: 6
Register Write to Reg: 0x09 Val: 0x08765432
In clock cycle: 7
Register Write to Reg: 0x09 Val: 0x043B2A19
In clock cycle: 8
Register Write to Reg: 0x09 Val: 0x021D950C
In clock cycle: 9
Register Write to Reg: 0x09 Val: 0x010ECA86
In clock cycle: 10
Register Write to Reg: 0x09 Val: 0x00876543
In clock cycle: 11
Register Write to Reg: 0x09 Val: 0x0043B2A1
In clock cycle: 12
Register Write to Reg: 0x09 Val: 0x0021D950
In clock cycle: 13
Register Write to Reg: 0x09 Val: 0x0010ECA8
In clock cycle: 14
Register Write to Reg: 0x09 Val: 0x00087654
In clock cycle: 15
Register Write to Reg: 0x09 Val: 0x00043B2A
In clock cycle: 16
Register Write to Reg: 0x09 Val: 0x00021D95
In clock cycle: 17
Register Write to Reg: 0x09 Val: 0x00010ECA
In clock cycle: 18
Register Write to Reg: 0x09 Val: 0x00008765
In clock cycle: 19
Register Write to Reg: 0x09 Val: 0x000043B2
In clock cycle: 20
Register Write to Reg: 0x09 Val: 0x000021D9
In clock cycle: 21
Register Write to Reg: 0x09 Val: 0x000010EC
In clock cycle: 22
Register Write to Reg: 0x09 Val: 0x00000876
In clock cycle: 23
Register Write to Reg: 0x09 Val: 0x0000043B
In clock cycle: 24
Register Write to Reg: 0x09 Val: 0x0000021D
In clock cycle: 25
Register Write to Reg: 0x09 Val: 0x0000010E
In clock cycle: 26
Register Write to Reg: 0x09 Val: 0x00000087
In clock cycle: 27
Register Write to Reg: 0x09 Val: 0x00000043
In clock cycle: 28
Register Write to Reg: 0x09 Val: 0x00000021
In clock cycle: 29
Register Write to Reg: 0x09 Val: 0x00000010
In clock cycle: 30
Register Write to Reg: 0x09 Val: 0x00000008
In clock cycle: 31
Register Write to Reg: 0x09 Val: 0x00000004
In clock cycle: 32
Register Write to Reg: 0x09 Val: 0x00000002
In clock cycle: 33
Register Write to Reg: 0x09 Val: 0x00000001
In clock cycle: 34
Register Write to Reg: 0x00 Val: 0x00000000
Execution is stopping! Clock Cycle: 34
