In clock cycle: 0
Register Write to Reg: 0x01 Val: 0x0000FFE1
In clock cycle: 1
Register Write to Reg: 0x02 Val: 0x0000FFFF
In clock cycle: 2
Register Write to Reg: 0x01 Val: 0xFFFFFFE2
In clock cycle: 3
Register Write to Reg: 0x01 Val: 0xFFFEFFE3
In clock cycle: 4
Register Write to Reg: 0x01 Val: 0xFFFDFFE4
In clock cycle: 5
Register Write to Reg: 0x01 Val: 0xFFFCFFE5
In clock cycle: 6
Register Write to Reg: 0x01 Val: 0xFFFBFFE6
In clock cycle: 7
Register Write to Reg: 0x01 Val: 0xFFFAFFE7
In clock cycle: 8
Register Write to Reg: 0x01 Val: 0xFFF9FFE8
In clock cycle: 9
Register Write to Reg: 0x01 Val: 0xFFF8FFE9
In clock cycle: 10
Register Write to Reg: 0x01 Val: 0xFFF7FFEA
In clock cycle: 11
Register Write to Reg: 0x01 Val: 0xFFF6FFEB
In clock cycle: 12
Register Write to Reg: 0x01 Val: 0xFFF5FFEC
In clock cycle: 13
Register Write to Reg: 0x01 Val: 0xFFF4FFED
In clock cycle: 14
Register Write to Reg: 0x01 Val: 0xFFF3FFEE
In clock cycle: 15
Register Write to Reg: 0x01 Val: 0xFFF2FFEF
In clock cycle: 16
Register Write to Reg: 0x01 Val: 0xFFF1FFF0
In clock cycle: 17
Register Write to Reg: 0x01 Val: 0xFFF0FFF1
In clock cycle: 18
Register Write to Reg: 0x01 Val: 0xFFEFFFF2
In clock cycle: 19
Register Write to Reg: 0x01 Val: 0xFFEEFFF3
In clock cycle: 20
Register Write to Reg: 0x01 Val: 0xFFEDFFF4
In clock cycle: 21
Register Write to Reg: 0x01 Val: 0xFFECFFF5
In clock cycle: 22
Register Write to Reg: 0x01 Val: 0xFFEBFFF6
In clock cycle: 23
Register Write to Reg: 0x01 Val: 0xFFEAFFF7
In clock cycle: 24
Register Write to Reg: 0x01 Val: 0xFFE9FFF8
In clock cycle: 25
Register Write to Reg: 0x01 Val: 0xFFE8FFF9
In clock cycle: 26
Register Write to Reg: 0x01 Val: 0xFFE7FFFA
In clock cycle: 27
Register Write to Reg: 0x01 Val: 0xFFE6FFFB
In clock cycle: 28
Register Write to Reg: 0x01 Val: 0xFFE5FFFC
In clock cycle: 29
Register Write to Reg: 0x01 Val: 0xFFE4FFFD
In clock cycle: 30
Register Write to Reg: 0x01 Val: 0xFFE3FFFE
In clock cycle: 31
Register Write to Reg: 0x01 Val: 0xFFE2FFFF
In clock cycle: 32
Register Write to Reg: 0x01 Val: 0xFFE20000
In clock cycle: 33
Register Write to Reg: 0x00 Val: 0x00000000
Execution is stopping! Clock Cycle: 33
